library/build/outputs/logs/manifest-merger-debug-report.txt
-- Merging decision tree log ---
manifest
ADDED from Mogo\library\AndroidManifest.xml:2:1-6:12
INJECTED from Mogo\library\AndroidManifest.xml:2:1-6:12
INJECTED from Mogo\library\AndroidManifest.xml:2:1-6:12
INJECTED from Mogo\library\AndroidManifest.xml:2:1-6:12
INJECTED from Mogo\library\AndroidManifest.xml:2:1-6:12
INJECTED from Mogo\library\AndroidManifest.xml:2:1-6:12
INJECTED from Mogo\library\AndroidManifest.xml:2:1-6:12
	package
		ADDED from Mogo\library\AndroidManifest.xml:3:7-29
		INJECTED from Mogo\library\AndroidManifest.xml
		INJECTED from Mogo\library\AndroidManifest.xml
	android:versionName
		ADDED from Mogo\library\AndroidManifest.xml:3:54-79
		INJECTED from Mogo\library\AndroidManifest.xml
		INJECTED from Mogo\library\AndroidManifest.xml
	xmlns:android
		ADDED from Mogo\library\AndroidManifest.xml:2:11-69
	android:versionCode
		ADDED from Mogo\library\AndroidManifest.xml:3:30-53
		INJECTED from Mogo\library\AndroidManifest.xml
		INJECTED from Mogo\library\AndroidManifest.xml
uses-sdk
INJECTED from Mogo\library\AndroidManifest.xml reason: use-sdk injection requested
INJECTED from Mogo\library\AndroidManifest.xml
INJECTED from Mogo\library\AndroidManifest.xml
INJECTED from Mogo\library\AndroidManifest.xml
INJECTED from Mogo\library\AndroidManifest.xml
	android:targetSdkVersion
		INJECTED from Mogo\library\AndroidManifest.xml
		ADDED from Mogo\library\AndroidManifest.xml
		INJECTED from Mogo\library\AndroidManifest.xml
	android:minSdkVersion
		INJECTED from Mogo\library\AndroidManifest.xml
		ADDED from Mogo\library\AndroidManifest.xml
		INJECTED from Mogo\library\AndroidManifest.xml